<?xml version="1.0" encoding="UTF-8" ?>
<testsuite tests="18" failures="0" name="TestConverter" time="0.001" errors="0" skipped="0">
  <properties>
[...]
</properties>
  <testcase classname="TestConverter" name="toPennceExample1" time="0"/>
  <testcase classname="TestConverter" name="toPennceExample2" time="0"/>
  <testcase classname="TestConverter" name="toPennceExample3" time="0"/>
  <testcase classname="TestConverter" name="toPennceExample4" time="0"/>
  <testcase classname="TestConverter" name="toPennceExample5" time="0"/>
  <testcase classname="TestConverter" name="RemainderToStringExample1" time="0"/>
  <testcase classname="TestConverter" name="RemainderToStringExample2" time="0"/>
  <testcase classname="TestConverter" name="RemainderToStringExample3" time="0"/>
  <testcase classname="TestConverter" name="StringToPenceExample1" time="0"/>
  <testcase classname="TestConverter" name="StringToPenceExample2" time="0"/>
  <testcase classname="TestConverter" name="StringToPenceExample3" time="0"/>
  <testcase classname="TestConverter" name="StringToPenceExample4" time="0"/>
  <testcase classname="TestConverter" name="StringToPenceExample5" time="0"/>
  <testcase classname="TestConverter" name="PenceToStringExample1" time="0"/>
  <testcase classname="TestConverter" name="PenceToStringExample2" time="0"/>
  <testcase classname="TestConverter" name="PenceToStringExample3" time="0"/>
  <testcase classname="TestConverter" name="PenceToStringExample4" time="0.001"/>
  <testcase classname="TestConverter" name="PenceToStringExample5" time="0"/>
</testsuite>